2021-04-03 14:02:37,591 - apscheduler.scheduler - INFO - Scheduler started
/home/ec2-user/.local/lib/python3.7/site-packages/scrapy/spiderloader.py:40: UserWarning: There are several spiders with the same name:

  XsgdPriceSpider named 'xsgd_price_zilswap' (in crawler.spiders.xsgd_price_report_zilswap)

  XsgdPriceSpider named 'xsgd_price_zilswap' (in crawler.spiders.xsgd_price_zilswap)

  This can cause unexpected behavior.
  category=UserWarning,
2021-04-03 14:02:43 [scrapy.utils.log] INFO: Scrapy 2.4.1 started (bot: crawler)
2021-04-03 14:02:43 [scrapy.utils.log] INFO: Versions: lxml 4.6.3.0, libxml2 2.9.10, cssselect 1.1.0, parsel 1.6.0, w3lib 1.22.0, Twisted 21.2.0, Python 3.7.9 (default, Feb 18 2021, 03:10:35) - [GCC 7.3.1 20180712 (Red Hat 7.3.1-12)], pyOpenSSL 20.0.1 (OpenSSL 1.1.1k  25 Mar 2021), cryptography 3.4.7, Platform Linux-4.14.225-168.357.amzn2.x86_64-x86_64-with-glibc2.2.5
2021-04-03 14:02:43 [scrapy.utils.log] DEBUG: Using reactor: twisted.internet.epollreactor.EPollReactor
2021-04-03 14:02:43 [scrapy.crawler] INFO: Overridden settings:
{'BOT_NAME': 'crawler',
 'NEWSPIDER_MODULE': 'crawler.spiders',
 'ROBOTSTXT_OBEY': True,
 'SPIDER_LOADER_WARN_ONLY': True,
 'SPIDER_MODULES': ['crawler.spiders'],
 'TELNETCONSOLE_ENABLED': False}
2021-04-03 14:02:43 [scrapy.middleware] INFO: Enabled extensions:
['scrapy.extensions.memusage.MemoryUsage',
 'scrapy.extensions.logstats.LogStats']
2021-04-03 14:02:43 [scrapy.middleware] INFO: Enabled downloader middlewares:
['scrapy.downloadermiddlewares.robotstxt.RobotsTxtMiddleware',
 'scrapy.downloadermiddlewares.httpauth.HttpAuthMiddleware',
 'scrapy.downloadermiddlewares.downloadtimeout.DownloadTimeoutMiddleware',
 'scrapy.downloadermiddlewares.defaultheaders.DefaultHeadersMiddleware',
 'scrapy.downloadermiddlewares.useragent.UserAgentMiddleware',
 'scrapy.downloadermiddlewares.retry.RetryMiddleware',
 'scrapy.downloadermiddlewares.redirect.MetaRefreshMiddleware',
 'scrapy.downloadermiddlewares.httpcompression.HttpCompressionMiddleware',
 'scrapy.downloadermiddlewares.redirect.RedirectMiddleware',
 'scrapy.downloadermiddlewares.cookies.CookiesMiddleware',
 'scrapy.downloadermiddlewares.httpproxy.HttpProxyMiddleware',
 'scrapy.downloadermiddlewares.stats.DownloaderStats']
2021-04-03 14:02:43 [scrapy.middleware] INFO: Enabled spider middlewares:
['scrapy.spidermiddlewares.httperror.HttpErrorMiddleware',
 'scrapy.spidermiddlewares.offsite.OffsiteMiddleware',
 'scrapy.spidermiddlewares.referer.RefererMiddleware',
 'scrapy.spidermiddlewares.urllength.UrlLengthMiddleware',
 'scrapy.spidermiddlewares.depth.DepthMiddleware']
2021-04-03 14:02:43 [scrapy.middleware] INFO: Enabled item pipelines:
[]
2021-04-03 14:02:43 [scrapy.core.engine] INFO: Spider opened
2021-04-03 14:02:43 [scrapy.extensions.logstats] INFO: Crawled 0 pages (at 0 pages/min), scraped 0 items (at 0 items/min)
2021-04-03 14:02:43 [py.warnings] WARNING: /home/ec2-user/.local/lib/python3.7/site-packages/scrapy/spidermiddlewares/offsite.py:65: URLWarning: allowed_domains accepts only domains, not URLs. Ignoring URL entry https://zilstream.com/tokens/xsgd in allowed_domains.
  warnings.warn(message, URLWarning)

2021-04-03 14:02:43 [scrapy.core.engine] DEBUG: Crawled (404) <GET https://zilstream.com/robots.txt> (referer: None)
2021-04-03 14:02:43 [protego] DEBUG: Rule at line 1 without any user agent to enforce it on.
2021-04-03 14:02:43 [scrapy.downloadermiddlewares.redirect] DEBUG: Redirecting (308) to <GET https://zilstream.com/tokens/xsgd> from <GET https://zilstream.com/tokens/xsgd/>
2021-04-03 14:02:43 [scrapy.core.engine] DEBUG: Crawled (200) <GET https://zilstream.com/tokens/xsgd> (referer: None)
2021-04-03 14:02:43 [telegram.bot] DEBUG: Entering: send_message
2021-04-03 14:02:44 [telegram.bot] DEBUG: {'message_id': 1954, 'date': 1617458564, 'chat': {'id': -542465219, 'type': 'group', 'title': 'xsgd price', 'all_members_are_administrators': True}, 'text': 'XSGD price 0.7708', 'entities': [], 'caption_entities': [], 'photo': [], 'new_chat_members': [], 'new_chat_photo': [], 'delete_chat_photo': False, 'group_chat_created': False, 'supergroup_chat_created': False, 'channel_chat_created': False, 'from': {'id': 1774766230, 'first_name': 'xsgd_price', 'is_bot': True, 'username': 'xsgd_price_bot'}}
2021-04-03 14:02:44 [telegram.bot] DEBUG: Exiting: send_message
2021-04-03 14:02:44 [scrapy.core.engine] INFO: Closing spider (finished)
2021-04-03 14:02:44 [scrapy.statscollectors] INFO: Dumping Scrapy stats:
{'downloader/request_bytes': 796,
 'downloader/request_count': 3,
 'downloader/request_method_count/GET': 3,
 'downloader/response_bytes': 19827,
 'downloader/response_count': 3,
 'downloader/response_status_count/200': 1,
 'downloader/response_status_count/308': 1,
 'downloader/response_status_count/404': 1,
 'log_count/DEBUG': 7,
 'log_count/INFO': 8,
 'log_count/WARNING': 1,
 'memusage/max': 60739584,
 'memusage/startup': 60739584,
 'robotstxt/request_count': 1,
 'robotstxt/response_count': 1,
 'robotstxt/response_status_count/404': 1,
 'scheduler/dequeued': 2,
 'scheduler/dequeued/memory': 2,
 'scheduler/enqueued': 2,
 'scheduler/enqueued/memory': 2}
2021-04-03 14:02:44 [scrapy.core.engine] INFO: Spider closed (finished)
